#! /usr/local/bin/vvp
:ivl_version "13.0 (devel)" "(s20221226-103-g418bbc14b)";
:ivl_delay_selection "TYPICAL";
:vpi_time_precision + 0;
:vpi_module "/usr/local/lib/ivl/system.vpi";
:vpi_module "/usr/local/lib/ivl/vhdl_sys.vpi";
:vpi_module "/usr/local/lib/ivl/vhdl_textio.vpi";
:vpi_module "/usr/local/lib/ivl/v2005_math.vpi";
:vpi_module "/usr/local/lib/ivl/va_math.vpi";
:vpi_module "/usr/local/lib/ivl/v2009.vpi";
S_0x557f72624e40 .scope package, "$unit" "$unit" 2 1;
 .timescale 0 0;
S_0x557f72624fd0 .scope module, "test" "test" 3 1;
 .timescale 0 0;
v0x557f7264b6e0 .array "Mem", 2047 0, 7 0;
v0x557f7264b780_0 .var "i", 7 0;
v0x557f7266e720_0 .var "j", 7 0;
    .scope S_0x557f72624fd0;
T_0 ;
    %vpi_call/w 3 11 "$readmemh", "user_uart.hex", v0x557f7264b6e0 {0 0 0};
    %pushi/vec4 0, 0, 8;
    %store/vec4 v0x557f7266e720_0, 0, 8;
T_0.0 ; Top of for-loop 
    %load/vec4 v0x557f7266e720_0;
    %pad/u 32;
    %cmpi/u 64, 0, 32;
    %jmp/0xz T_0.1, 5;
    %vpi_call/w 3 13 "$write", ".INIT_%X (256'h", v0x557f7266e720_0 {0 0 0};
    %pushi/vec4 0, 0, 8;
    %store/vec4 v0x557f7264b780_0, 0, 8;
T_0.3 ; Top of for-loop 
    %load/vec4 v0x557f7264b780_0;
    %pad/u 32;
    %cmpi/u 32, 0, 32;
    %jmp/0xz T_0.4, 5;
    %load/vec4 v0x557f7266e720_0;
    %pad/u 32;
    %muli 32, 0, 32;
    %pushi/vec4 31, 0, 32;
    %load/vec4 v0x557f7264b780_0;
    %pad/u 32;
    %sub;
    %add;
    %ix/vec4 4;
    %load/vec4a v0x557f7264b6e0, 4;
    %vpi_call/w 3 15 "$write", "%2x", S<0,vec4,u8> {1 0 0};
T_0.5 ; for-loop step statement
    %load/vec4 v0x557f7264b780_0;
    %addi 1, 0, 8;
    %store/vec4 v0x557f7264b780_0, 0, 8;
    %jmp T_0.3;
T_0.4 ; for-loop exit label
    %vpi_call/w 3 17 "$write", "),\012" {0 0 0};
T_0.2 ; for-loop step statement
    %load/vec4 v0x557f7266e720_0;
    %addi 1, 0, 8;
    %store/vec4 v0x557f7266e720_0, 0, 8;
    %jmp T_0.0;
T_0.1 ; for-loop exit label
    %end;
    .thread T_0;
# The file index is used to find the file name in the following table.
:file_names 4;
    "N/A";
    "<interactive>";
    "-";
    "test.v";
